<?xml version="1.0" encoding="UTF-8"?>
<!-- Generated by org.testng.reporters.JUnitReportReporter -->
<testsuite hostname="LAPTOP-JD5RA05K" failures="0" tests="6" name="testnew.Home" time="85.076" errors="0" timestamp="2025-10-24T19:03:48 IST" skipped="1">
  <testcase classname="testnew.Home" name="verifySaveJobs" time="16.644"/>
  <testcase classname="testnew.Home" name="verifyLogout" time="11.910"/>
  <testcase classname="testnew.Home" name="verifyFirstJobTitle" time="19.821"/>
  <testcase classname="testnew.Home" name="verifyTheBasicJobSearch" time="16.900"/>
  <testcase classname="testnew.Home" name="verifyTheBasicJobSearchUsingLoc" time="19.801"/>
  <testcase classname="testnew.Home" name="verifyResumeUpload">
    <skipped/>
  </testcase> <!-- verifyResumeUpload -->
</testsuite> <!-- testnew.Home -->
