<?xml version="1.0" encoding="UTF-8"?>
<!-- Generated by org.testng.reporters.JUnitReportReporter -->
<testsuite hostname="LAPTOP-JD5RA05K" failures="0" tests="5" name="testnew.Login" time="28.606" errors="0" timestamp="2025-10-12T16:16:27 IST" skipped="0">
  <testcase classname="testnew.Login" name="verifyInvalidLogin" time="7.405"/>
  <testcase classname="testnew.Login" name="verifyLoginWithValidUserInvalidPass" time="4.672"/>
  <testcase classname="testnew.Login" name="verifyLoginWithinValidUservalidPass" time="4.901"/>
  <testcase classname="testnew.Login" name="verifyLoginWithBlankcredentials" time="6.781"/>
  <testcase classname="testnew.Login" name="verifyLoginWithValidUservalidPass" time="4.847"/>
</testsuite> <!-- testnew.Login -->
